17.0.4


(java:101064): Gtk-WARNING **: 22:10:43.042: Theme parsing error: gtk.css:3611:22: 'none' is not a valid color name

(java:101064): Gtk-WARNING **: 22:10:43.335: Theme parsing error: gtk.css:3611:22: 'none' is not a valid color name
17.0.4

Exception in thread "AWT-EventQueue-0" java.lang.NullPointerException: Cannot invoke "sun.java2d.loops.MaskFill.MaskFill(sun.java2d.SunGraphics2D, sun.java2d.SurfaceData, java.awt.Composite, int, int, int, int, byte[], int, int)" because "sg.alphafill" is null
	at java.desktop/sun.java2d.pipe.AlphaColorPipe.renderPathTile(AlphaColorPipe.java:55)
	at java.desktop/sun.java2d.pipe.AAShapePipe.renderTiles(AAShapePipe.java:201)
	at java.desktop/sun.java2d.pipe.AAShapePipe.fillParallelogram(AAShapePipe.java:101)
	at java.desktop/sun.java2d.pipe.PixelToParallelogramConverter.fillRectangle(PixelToParallelogramConverter.java:322)
	at java.desktop/sun.java2d.pipe.PixelToParallelogramConverter.fill(PixelToParallelogramConverter.java:159)
	at java.desktop/sun.java2d.pipe.ValidatePipe.fill(ValidatePipe.java:160)
	at java.desktop/sun.java2d.SunGraphics2D.fill(SunGraphics2D.java:2531)
	at java.desktop/javax.swing.plaf.nimbus.SpinnerPanelSpinnerFormattedTextFieldPainter.paintBackgroundEnabled(SpinnerPanelSpinnerFormattedTextFieldPainter.java:132)
	at java.desktop/javax.swing.plaf.nimbus.SpinnerPanelSpinnerFormattedTextFieldPainter.doPaint(SpinnerPanelSpinnerFormattedTextFieldPainter.java:92)
	at java.desktop/javax.swing.plaf.nimbus.AbstractRegionPainter.paint0(AbstractRegionPainter.java:746)
	at java.desktop/javax.swing.plaf.nimbus.AbstractRegionPainter.getImage(AbstractRegionPainter.java:726)
	at java.desktop/javax.swing.plaf.nimbus.AbstractRegionPainter.paintWith9SquareCaching(AbstractRegionPainter.java:645)
	at java.desktop/javax.swing.plaf.nimbus.AbstractRegionPainter.paint(AbstractRegionPainter.java:160)
	at java.desktop/javax.swing.plaf.nimbus.AbstractRegionPainter.paint(AbstractRegionPainter.java:43)
	at java.desktop/javax.swing.plaf.nimbus.SynthPainterImpl.paint(SynthPainterImpl.java:61)
	at java.desktop/javax.swing.plaf.nimbus.SynthPainterImpl.paintBackground(SynthPainterImpl.java:102)
	at java.desktop/javax.swing.plaf.nimbus.SynthPainterImpl.paintFormattedTextFieldBackground(SynthPainterImpl.java:637)
	at java.desktop/javax.swing.plaf.synth.SynthFormattedTextFieldUI.paintBackground(SynthFormattedTextFieldUI.java:71)
	at java.desktop/javax.swing.plaf.synth.SynthTextFieldUI.update(SynthTextFieldUI.java:186)
	at java.desktop/javax.swing.JComponent.paintComponent(JComponent.java:842)
	at java.desktop/javax.swing.JComponent.paint(JComponent.java:1119)
	at java.desktop/javax.swing.JComponent.paintChildren(JComponent.java:952)
	at java.desktop/javax.swing.JComponent.paint(JComponent.java:1128)
	at java.desktop/javax.swing.JComponent.paintChildren(JComponent.java:952)
	at java.desktop/javax.swing.JComponent.paint(JComponent.java:1128)
	at java.desktop/javax.swing.JComponent.paintChildren(JComponent.java:952)
	at java.desktop/javax.swing.JComponent.paint(JComponent.java:1128)
	at java.desktop/javax.swing.JComponent.paintChildren(JComponent.java:952)
	at java.desktop/javax.swing.JComponent.paint(JComponent.java:1128)
	at java.desktop/javax.swing.JComponent.paintChildren(JComponent.java:952)
	at java.desktop/javax.swing.JComponent.paint(JComponent.java:1128)
	at java.desktop/javax.swing.JComponent.paintChildren(JComponent.java:952)
	at java.desktop/javax.swing.JComponent.paint(JComponent.java:1128)
	at java.desktop/javax.swing.JComponent.paintChildren(JComponent.java:952)
	at java.desktop/javax.swing.JComponent.paint(JComponent.java:1128)
	at java.desktop/javax.swing.JComponent.paintChildren(JComponent.java:952)
	at java.desktop/javax.swing.JComponent.paint(JComponent.java:1128)
	at java.desktop/javax.swing.JLayeredPane.paint(JLayeredPane.java:586)
	at java.desktop/javax.swing.JComponent.paintChildren(JComponent.java:952)
	at java.desktop/javax.swing.JComponent.paintToOffscreen(JComponent.java:5318)
	at java.desktop/javax.swing.RepaintManager$PaintManager.paintDoubleBufferedImpl(RepaintManager.java:1657)
	at java.desktop/javax.swing.RepaintManager$PaintManager.paintDoubleBuffered(RepaintManager.java:1632)
	at java.desktop/javax.swing.RepaintManager$PaintManager.paint(RepaintManager.java:1570)
	at java.desktop/javax.swing.BufferStrategyPaintManager.paint(BufferStrategyPaintManager.java:262)
	at java.desktop/javax.swing.RepaintManager.paint(RepaintManager.java:1337)
	at java.desktop/javax.swing.JComponent.paint(JComponent.java:1105)
	at java.desktop/java.awt.GraphicsCallback$PaintCallback.run(GraphicsCallback.java:39)
	at java.desktop/sun.awt.SunGraphicsCallback.runOneComponent(SunGraphicsCallback.java:75)
	at java.desktop/sun.awt.SunGraphicsCallback.runComponents(SunGraphicsCallback.java:112)
	at java.desktop/java.awt.Container.paint(Container.java:2005)
	at java.desktop/java.awt.Window.paint(Window.java:3959)
	at java.desktop/javax.swing.RepaintManager$4.run(RepaintManager.java:890)
	at java.desktop/javax.swing.RepaintManager$4.run(RepaintManager.java:862)
	at java.base/java.security.AccessController.doPrivileged(AccessController.java:399)
	at java.base/java.security.ProtectionDomain$JavaSecurityAccessImpl.doIntersectionPrivilege(ProtectionDomain.java:86)
	at java.desktop/javax.swing.RepaintManager.paintDirtyRegions(RepaintManager.java:862)
	at java.desktop/javax.swing.RepaintManager.paintDirtyRegions(RepaintManager.java:835)
	at java.desktop/javax.swing.RepaintManager.prePaintDirtyRegions(RepaintManager.java:784)
	at java.desktop/javax.swing.RepaintManager$ProcessingRunnable.run(RepaintManager.java:1898)
	at java.desktop/java.awt.event.InvocationEvent.dispatch(InvocationEvent.java:318)
	at java.desktop/java.awt.EventQueue.dispatchEventImpl(EventQueue.java:771)
	at java.desktop/java.awt.EventQueue$4.run(EventQueue.java:722)
	at java.desktop/java.awt.EventQueue$4.run(EventQueue.java:716)
	at java.base/java.security.AccessController.doPrivileged(AccessController.java:399)
	at java.base/java.security.ProtectionDomain$JavaSecurityAccessImpl.doIntersectionPrivilege(ProtectionDomain.java:86)
	at java.desktop/java.awt.EventQueue.dispatchEvent(EventQueue.java:741)
	at java.desktop/java.awt.EventDispatchThread.pumpOneEventForFilters(EventDispatchThread.java:203)
	at java.desktop/java.awt.EventDispatchThread.pumpEventsForFilter(EventDispatchThread.java:124)
	at java.desktop/java.awt.EventDispatchThread.pumpEventsForHierarchy(EventDispatchThread.java:113)
	at java.desktop/java.awt.EventDispatchThread.pumpEvents(EventDispatchThread.java:109)
	at java.desktop/java.awt.EventDispatchThread.pumpEvents(EventDispatchThread.java:101)
	at java.desktop/java.awt.EventDispatchThread.run(EventDispatchThread.java:90)
Exception in thread "AWT-EventQueue-0" java.lang.NullPointerException: Cannot invoke "sun.java2d.loops.MaskFill.MaskFill(sun.java2d.SunGraphics2D, sun.java2d.SurfaceData, java.awt.Composite, int, int, int, int, byte[], int, int)" because "sg.alphafill" is null
	at java.desktop/sun.java2d.pipe.AlphaColorPipe.renderPathTile(AlphaColorPipe.java:55)
	at java.desktop/sun.java2d.pipe.AAShapePipe.renderTiles(AAShapePipe.java:201)
	at java.desktop/sun.java2d.pipe.AAShapePipe.fillParallelogram(AAShapePipe.java:101)
	at java.desktop/sun.java2d.pipe.PixelToParallelogramConverter.fillRectangle(PixelToParallelogramConverter.java:322)
	at java.desktop/sun.java2d.pipe.PixelToParallelogramConverter.fill(PixelToParallelogramConverter.java:159)
	at java.desktop/sun.java2d.pipe.ValidatePipe.fill(ValidatePipe.java:160)
	at java.desktop/sun.java2d.SunGraphics2D.fill(SunGraphics2D.java:2531)
	at java.desktop/javax.swing.plaf.nimbus.SpinnerPanelSpinnerFormattedTextFieldPainter.paintBackgroundEnabled(SpinnerPanelSpinnerFormattedTextFieldPainter.java:132)
	at java.desktop/javax.swing.plaf.nimbus.SpinnerPanelSpinnerFormattedTextFieldPainter.doPaint(SpinnerPanelSpinnerFormattedTextFieldPainter.java:92)
	at java.desktop/javax.swing.plaf.nimbus.AbstractRegionPainter.paint0(AbstractRegionPainter.java:746)
	at java.desktop/javax.swing.plaf.nimbus.AbstractRegionPainter.getImage(AbstractRegionPainter.java:726)
	at java.desktop/javax.swing.plaf.nimbus.AbstractRegionPainter.paintWith9SquareCaching(AbstractRegionPainter.java:645)
	at java.desktop/javax.swing.plaf.nimbus.AbstractRegionPainter.paint(AbstractRegionPainter.java:160)
	at java.desktop/javax.swing.plaf.nimbus.AbstractRegionPainter.paint(AbstractRegionPainter.java:43)
	at java.desktop/javax.swing.plaf.nimbus.SynthPainterImpl.paint(SynthPainterImpl.java:61)
	at java.desktop/javax.swing.plaf.nimbus.SynthPainterImpl.paintBackground(SynthPainterImpl.java:102)
	at java.desktop/javax.swing.plaf.nimbus.SynthPainterImpl.paintFormattedTextFieldBackground(SynthPainterImpl.java:637)
	at java.desktop/javax.swing.plaf.synth.SynthFormattedTextFieldUI.paintBackground(SynthFormattedTextFieldUI.java:71)
	at java.desktop/javax.swing.plaf.synth.SynthTextFieldUI.update(SynthTextFieldUI.java:186)
	at java.desktop/javax.swing.JComponent.paintComponent(JComponent.java:842)
	at java.desktop/javax.swing.JComponent.paint(JComponent.java:1119)
	at java.desktop/javax.swing.JComponent.paintChildren(JComponent.java:952)
	at java.desktop/javax.swing.JComponent.paint(JComponent.java:1128)
	at java.desktop/javax.swing.JComponent.paintChildren(JComponent.java:952)
	at java.desktop/javax.swing.JComponent.paint(JComponent.java:1128)
	at java.desktop/javax.swing.JComponent.paintChildren(JComponent.java:952)
	at java.desktop/javax.swing.JComponent.paint(JComponent.java:1128)
	at java.desktop/javax.swing.JComponent.paintChildren(JComponent.java:952)
	at java.desktop/javax.swing.JComponent.paint(JComponent.java:1128)
	at java.desktop/javax.swing.JComponent.paintChildren(JComponent.java:952)
	at java.desktop/javax.swing.JComponent.paint(JComponent.java:1128)
	at java.desktop/javax.swing.JComponent.paintChildren(JComponent.java:952)
	at java.desktop/javax.swing.JComponent.paint(JComponent.java:1128)
	at java.desktop/javax.swing.JComponent.paintChildren(JComponent.java:952)
	at java.desktop/javax.swing.JComponent.paint(JComponent.java:1128)
	at java.desktop/javax.swing.JComponent.paintChildren(JComponent.java:952)
	at java.desktop/javax.swing.JComponent.paint(JComponent.java:1128)
	at java.desktop/javax.swing.JLayeredPane.paint(JLayeredPane.java:586)
	at java.desktop/javax.swing.JComponent.paintChildren(JComponent.java:952)
	at java.desktop/javax.swing.JComponent.paintToOffscreen(JComponent.java:5318)
	at java.desktop/javax.swing.RepaintManager$PaintManager.paintDoubleBufferedImpl(RepaintManager.java:1657)
	at java.desktop/javax.swing.RepaintManager$PaintManager.paintDoubleBuffered(RepaintManager.java:1632)
	at java.desktop/javax.swing.RepaintManager$PaintManager.paint(RepaintManager.java:1570)
	at java.desktop/javax.swing.BufferStrategyPaintManager.paint(BufferStrategyPaintManager.java:262)
	at java.desktop/javax.swing.RepaintManager.paint(RepaintManager.java:1337)
	at java.desktop/javax.swing.JComponent.paint(JComponent.java:1105)
	at java.desktop/java.awt.GraphicsCallback$PaintCallback.run(GraphicsCallback.java:39)
	at java.desktop/sun.awt.SunGraphicsCallback.runOneComponent(SunGraphicsCallback.java:75)
	at java.desktop/sun.awt.SunGraphicsCallback.runComponents(SunGraphicsCallback.java:112)
	at java.desktop/java.awt.Container.paint(Container.java:2005)
	at java.desktop/java.awt.Window.paint(Window.java:3959)
	at java.desktop/javax.swing.RepaintManager$4.run(RepaintManager.java:890)
	at java.desktop/javax.swing.RepaintManager$4.run(RepaintManager.java:862)
	at java.base/java.security.AccessController.doPrivileged(AccessController.java:399)
	at java.base/java.security.ProtectionDomain$JavaSecurityAccessImpl.doIntersectionPrivilege(ProtectionDomain.java:86)
	at java.desktop/javax.swing.RepaintManager.paintDirtyRegions(RepaintManager.java:862)
	at java.desktop/javax.swing.RepaintManager.paintDirtyRegions(RepaintManager.java:835)
	at java.desktop/javax.swing.RepaintManager.prePaintDirtyRegions(RepaintManager.java:784)
	at java.desktop/javax.swing.RepaintManager$ProcessingRunnable.run(RepaintManager.java:1898)
	at java.desktop/java.awt.event.InvocationEvent.dispatch(InvocationEvent.java:318)
	at java.desktop/java.awt.EventQueue.dispatchEventImpl(EventQueue.java:771)
	at java.desktop/java.awt.EventQueue$4.run(EventQueue.java:722)
	at java.desktop/java.awt.EventQueue$4.run(EventQueue.java:716)
	at java.base/java.security.AccessController.doPrivileged(AccessController.java:399)
	at java.base/java.security.ProtectionDomain$JavaSecurityAccessImpl.doIntersectionPrivilege(ProtectionDomain.java:86)
	at java.desktop/java.awt.EventQueue.dispatchEvent(EventQueue.java:741)
	at java.desktop/java.awt.EventDispatchThread.pumpOneEventForFilters(EventDispatchThread.java:203)
	at java.desktop/java.awt.EventDispatchThread.pumpEventsForFilter(EventDispatchThread.java:124)
	at java.desktop/java.awt.EventDispatchThread.pumpEventsForHierarchy(EventDispatchThread.java:113)
	at java.desktop/java.awt.EventDispatchThread.pumpEvents(EventDispatchThread.java:109)
	at java.desktop/java.awt.EventDispatchThread.pumpEvents(EventDispatchThread.java:101)
	at java.desktop/java.awt.EventDispatchThread.run(EventDispatchThread.java:90)
17.0.4


(java:5075): Gtk-WARNING **: 20:00:40.148: Theme parsing error: gtk.css:3611:22: 'none' is not a valid color name

(java:5075): Gtk-WARNING **: 20:00:40.791: Theme parsing error: gtk.css:3611:22: 'none' is not a valid color name
